<?xml version="1.0" encoding="UTF-8"?>
<!-- Generated by org.testng.reporters.JUnitReportReporter -->
<testsuite hostname="DESKTOP-G2DUPBF" name="testcases.TC005_Merge_Lead" tests="1" failures="0" timestamp="20 Jan 2018 06:53:35 GMT" time="52.301" errors="0">
  <testcase name="CreateLeadTest" time="52.301" classname="testcases.TC005_Merge_Lead"/>
</testsuite> <!-- testcases.TC005_Merge_Lead -->
