<?xml version="1.0" encoding="UTF-8"?>
<!-- Generated by org.testng.reporters.JUnitReportReporter -->
<testsuite hostname="DESKTOP-G2DUPBF" name="testcases.TC003_Create_Lead" tests="1" failures="0" timestamp="20 Jan 2018 05:35:47 GMT" time="35.357" errors="0">
  <testcase name="CreateLeadTest" time="35.357" classname="testcases.TC003_Create_Lead"/>
</testsuite> <!-- testcases.TC003_Create_Lead -->
