<?xml version="1.0" encoding="UTF-8"?>
<!-- Generated by org.testng.reporters.JUnitReportReporter -->
<testsuite hostname="DESKTOP-G2DUPBF" name="testcases.TC001_LoginLogOut" tests="2" failures="0" timestamp="19 Jan 2018 18:11:43 GMT" time="29.271" errors="0">
  <testcase name="logInLogOut" time="15.910" classname="testcases.TC001_LoginLogOut"/>
  <testcase name="logInLogOut" time="13.361" classname="testcases.TC001_LoginLogOut"/>
</testsuite> <!-- testcases.TC001_LoginLogOut -->
