<?xml version="1.0" encoding="UTF-8"?>
<!-- Generated by org.testng.reporters.JUnitReportReporter -->
<testsuite hostname="DESKTOP-G2DUPBF" name="testcases.TC006_Edit_Lead" tests="1" failures="0" timestamp="20 Jan 2018 07:46:49 GMT" time="37.628" errors="0">
  <testcase name="DeleteLeadTest" time="37.628" classname="testcases.TC006_Edit_Lead"/>
</testsuite> <!-- testcases.TC006_Edit_Lead -->
